\BOOKMARK [1][-]{section.1}{Linear regression functions}{}% 1
\BOOKMARK [2][-]{subsection.1.1}{Estimation parameter validation}{section.1}% 2
\BOOKMARK [2][-]{subsection.1.2}{Regularization verification}{section.1}% 3
\BOOKMARK [2][-]{subsection.1.3}{Polynomial fitting validation}{section.1}% 4
\BOOKMARK [2][-]{subsection.1.4}{\(e\) One dimensional model plotting}{section.1}% 5
\BOOKMARK [1][-]{section.2}{KNN-regression functions}{}% 6
\BOOKMARK [2][-]{subsection.2.1}{KNN v.s. Linear regression}{section.2}% 7
\BOOKMARK [1][-]{section.3}{Estimating one dimensional functions}{}% 8
\BOOKMARK [2][-]{subsection.3.1}{Linear data}{section.3}% 9
\BOOKMARK [3][-]{subsubsection.3.1.1}{Linear regression model \(constant + linear term\)}{subsection.3.1}% 10
\BOOKMARK [3][-]{subsubsection.3.1.2}{Linear regression model \(5th order polynomial\)}{subsection.3.1}% 11
\BOOKMARK [3][-]{subsubsection.3.1.3}{Parameter variance validation via Monte Carlo simulation}{subsection.3.1}% 12
\BOOKMARK [3][-]{subsubsection.3.1.4}{KNN models}{subsection.3.1}% 13
\BOOKMARK [2][-]{subsection.3.2}{Polynomial data}{section.3}% 14
\BOOKMARK [3][-]{subsubsection.3.2.1}{Linear regression model \(constant + linear term\)}{subsection.3.2}% 15
\BOOKMARK [3][-]{subsubsection.3.2.2}{Linear regression model \(polynomial + regularization\)}{subsection.3.2}% 16
\BOOKMARK [3][-]{subsubsection.3.2.3}{Regress unsymmetrical data using linear regression}{subsection.3.2}% 17
\BOOKMARK [3][-]{subsubsection.3.2.4}{Regress unsymmetrical data using KNN}{subsection.3.2}% 18
\BOOKMARK [2][-]{subsection.3.3}{Chirp data}{section.3}% 19
\BOOKMARK [3][-]{subsubsection.3.3.1}{Influences of data size and noise level on polynomial model}{subsection.3.3}% 20
\BOOKMARK [3][-]{subsubsection.3.3.2}{High-degree polynomial with regularization v.s. Low-degree polynomial without regularization}{subsection.3.3}% 21
\BOOKMARK [3][-]{subsubsection.3.3.3}{Linear regression v.s. KNN}{subsection.3.3}% 22
\BOOKMARK [1][-]{section.4}{Estimating two and high dimensional functions}{}% 23
\BOOKMARK [2][-]{subsection.4.1}{Two dimensional data}{section.4}% 24
\BOOKMARK [3][-]{subsubsection.4.1.1}{Linear regression model}{subsection.4.1}% 25
\BOOKMARK [3][-]{subsubsection.4.1.2}{Polynomial models}{subsection.4.1}% 26
\BOOKMARK [3][-]{subsubsection.4.1.3}{KNN model}{subsection.4.1}% 27
\BOOKMARK [2][-]{subsection.4.2}{Ten dimensional data}{section.4}% 28
\BOOKMARK [3][-]{subsubsection.4.2.1}{Number of regressors}{subsection.4.2}% 29
\BOOKMARK [3][-]{subsubsection.4.2.2}{Testing result of linear regression model}{subsection.4.2}% 30
\BOOKMARK [3][-]{subsubsection.4.2.3}{Testing result of KNN}{subsection.4.2}% 31
