This is pdfTeX, Version 3.14159265-2.6-1.40.18 (TeX Live 2017) (preloaded format=pdflatex 2018.3.18)  26 MAR 2018 22:24
entering extended mode
 restricted \write18 enabled.
 %&-line parsing enabled.
**document.tex
(./document.tex
LaTeX2e <2017-04-15>
Babel <3.18> and hyphenation patterns for 84 language(s) loaded.
(/usr/local/texlive/2017/texmf-dist/tex/latex/base/article.cls
Document Class: article 2014/09/29 v1.4h Standard LaTeX document class
(/usr/local/texlive/2017/texmf-dist/tex/latex/base/size10.clo
File: size10.clo 2014/09/29 v1.4h Standard LaTeX file (size option)
)
\c@part=\count79
\c@section=\count80
\c@subsection=\count81
\c@subsubsection=\count82
\c@paragraph=\count83
\c@subparagraph=\count84
\c@figure=\count85
\c@table=\count86
\abovecaptionskip=\skip41
\belowcaptionskip=\skip42
\bibindent=\dimen102
)
(/usr/local/texlive/2017/texmf-dist/tex/latex/geometry/geometry.sty
Package: geometry 2010/09/12 v5.6 Page Geometry

(/usr/local/texlive/2017/texmf-dist/tex/latex/graphics/keyval.sty
Package: keyval 2014/10/28 v1.15 key=value parser (DPC)
\KV@toks@=\toks14
)
(/usr/local/texlive/2017/texmf-dist/tex/generic/oberdiek/ifpdf.sty
Package: ifpdf 2017/03/15 v3.2 Provides the ifpdf switch
)
(/usr/local/texlive/2017/texmf-dist/tex/generic/oberdiek/ifvtex.sty
Package: ifvtex 2016/05/16 v1.6 Detect VTeX and its facilities (HO)
Package ifvtex Info: VTeX not detected.
)
(/usr/local/texlive/2017/texmf-dist/tex/generic/ifxetex/ifxetex.sty
Package: ifxetex 2010/09/12 v0.6 Provides ifxetex conditional
)
\Gm@cnth=\count87
\Gm@cntv=\count88
\c@Gm@tempcnt=\count89
\Gm@bindingoffset=\dimen103
\Gm@wd@mp=\dimen104
\Gm@odd@mp=\dimen105
\Gm@even@mp=\dimen106
\Gm@layoutwidth=\dimen107
\Gm@layoutheight=\dimen108
\Gm@layouthoffset=\dimen109
\Gm@layoutvoffset=\dimen110
\Gm@dimlist=\toks15
)
(/usr/local/texlive/2017/texmf-dist/tex/latex/hyperref/hyperref.sty
Package: hyperref 2018/02/06 v6.86b Hypertext links for LaTeX

(/usr/local/texlive/2017/texmf-dist/tex/generic/oberdiek/hobsub-hyperref.sty
Package: hobsub-hyperref 2016/05/16 v1.14 Bundle oberdiek, subset hyperref (HO)


(/usr/local/texlive/2017/texmf-dist/tex/generic/oberdiek/hobsub-generic.sty
Package: hobsub-generic 2016/05/16 v1.14 Bundle oberdiek, subset generic (HO)
Package: hobsub 2016/05/16 v1.14 Construct package bundles (HO)
Package: infwarerr 2016/05/16 v1.4 Providing info/warning/error messages (HO)
Package: ltxcmds 2016/05/16 v1.23 LaTeX kernel commands for general use (HO)
Package: ifluatex 2016/05/16 v1.4 Provides the ifluatex switch (HO)
Package ifluatex Info: LuaTeX not detected.
Package hobsub Info: Skipping package `ifvtex' (already loaded).
Package: intcalc 2016/05/16 v1.2 Expandable calculations with integers (HO)
Package hobsub Info: Skipping package `ifpdf' (already loaded).
Package: etexcmds 2016/05/16 v1.6 Avoid name clashes with e-TeX commands (HO)
Package etexcmds Info: Could not find \expanded.
(etexcmds)             That can mean that you are not using pdfTeX 1.50 or
(etexcmds)             that some package has redefined \expanded.
(etexcmds)             In the latter case, load this package earlier.
Package: kvsetkeys 2016/05/16 v1.17 Key value parser (HO)
Package: kvdefinekeys 2016/05/16 v1.4 Define keys (HO)
Package: pdftexcmds 2018/01/21 v0.26 Utility functions of pdfTeX for LuaTeX (HO
)
Package pdftexcmds Info: LuaTeX not detected.
Package pdftexcmds Info: \pdf@primitive is available.
Package pdftexcmds Info: \pdf@ifprimitive is available.
Package pdftexcmds Info: \pdfdraftmode found.
Package: pdfescape 2016/05/16 v1.14 Implements pdfTeX's escape features (HO)
Package: bigintcalc 2016/05/16 v1.4 Expandable calculations on big integers (HO
)
Package: bitset 2016/05/16 v1.2 Handle bit-vector datatype (HO)
Package: uniquecounter 2016/05/16 v1.3 Provide unlimited unique counter (HO)
)
Package hobsub Info: Skipping package `hobsub' (already loaded).
Package: letltxmacro 2016/05/16 v1.5 Let assignment for LaTeX macros (HO)
Package: hopatch 2016/05/16 v1.3 Wrapper for package hooks (HO)
Package: xcolor-patch 2016/05/16 xcolor patch
Package: atveryend 2016/05/16 v1.9 Hooks at the very end of document (HO)
Package atveryend Info: \enddocument detected (standard20110627).
Package: atbegshi 2016/06/09 v1.18 At begin shipout hook (HO)
Package: refcount 2016/05/16 v3.5 Data extraction from label references (HO)
Package: hycolor 2016/05/16 v1.8 Color options for hyperref/bookmark (HO)
)
(/usr/local/texlive/2017/texmf-dist/tex/latex/oberdiek/auxhook.sty
Package: auxhook 2016/05/16 v1.4 Hooks for auxiliary files (HO)
)
(/usr/local/texlive/2017/texmf-dist/tex/latex/oberdiek/kvoptions.sty
Package: kvoptions 2016/05/16 v3.12 Key value format for package options (HO)
)
\@linkdim=\dimen111
\Hy@linkcounter=\count90
\Hy@pagecounter=\count91

(/usr/local/texlive/2017/texmf-dist/tex/latex/hyperref/pd1enc.def
File: pd1enc.def 2018/02/06 v6.86b Hyperref: PDFDocEncoding definition (HO)
)
\Hy@SavedSpaceFactor=\count92

(/usr/local/texlive/2017/texmf-dist/tex/latex/latexconfig/hyperref.cfg
File: hyperref.cfg 2002/06/06 v1.2 hyperref configuration of TeXLive
)
Package hyperref Info: Hyper figures OFF on input line 4509.
Package hyperref Info: Link nesting OFF on input line 4514.
Package hyperref Info: Hyper index ON on input line 4517.
Package hyperref Info: Plain pages OFF on input line 4524.
Package hyperref Info: Backreferencing OFF on input line 4529.
Package hyperref Info: Implicit mode ON; LaTeX internals redefined.
Package hyperref Info: Bookmarks ON on input line 4762.
\c@Hy@tempcnt=\count93

(/usr/local/texlive/2017/texmf-dist/tex/latex/url/url.sty
\Urlmuskip=\muskip10
Package: url 2013/09/16  ver 3.4  Verb mode for urls, etc.
)
LaTeX Info: Redefining \url on input line 5115.
\XeTeXLinkMargin=\dimen112
\Fld@menulength=\count94
\Field@Width=\dimen113
\Fld@charsize=\dimen114
Package hyperref Info: Hyper figures OFF on input line 6369.
Package hyperref Info: Link nesting OFF on input line 6374.
Package hyperref Info: Hyper index ON on input line 6377.
Package hyperref Info: backreferencing OFF on input line 6384.
Package hyperref Info: Link coloring OFF on input line 6389.
Package hyperref Info: Link coloring with OCG OFF on input line 6394.
Package hyperref Info: PDF/A mode OFF on input line 6399.
LaTeX Info: Redefining \ref on input line 6439.
LaTeX Info: Redefining \pageref on input line 6443.
\Hy@abspage=\count95
\c@Item=\count96
\c@Hfootnote=\count97
)
Package hyperref Info: Driver (autodetected): hpdftex.

(/usr/local/texlive/2017/texmf-dist/tex/latex/hyperref/hpdftex.def
File: hpdftex.def 2018/02/06 v6.86b Hyperref driver for pdfTeX
\Fld@listcount=\count98
\c@bookmark@seq@number=\count99

(/usr/local/texlive/2017/texmf-dist/tex/latex/oberdiek/rerunfilecheck.sty
Package: rerunfilecheck 2016/05/16 v1.8 Rerun checks for auxiliary files (HO)
Package uniquecounter Info: New unique counter `rerunfilecheck' on input line 2
82.
)
\Hy@SectionHShift=\skip43
)
(/usr/local/texlive/2017/texmf-dist/tex/latex/amsmath/amsmath.sty
Package: amsmath 2017/09/02 v2.17a AMS math features
\@mathmargin=\skip44

For additional information on amsmath, use the `?' option.
(/usr/local/texlive/2017/texmf-dist/tex/latex/amsmath/amstext.sty
Package: amstext 2000/06/29 v2.01 AMS text

(/usr/local/texlive/2017/texmf-dist/tex/latex/amsmath/amsgen.sty
File: amsgen.sty 1999/11/30 v2.0 generic functions
\@emptytoks=\toks16
\ex@=\dimen115
))
(/usr/local/texlive/2017/texmf-dist/tex/latex/amsmath/amsbsy.sty
Package: amsbsy 1999/11/29 v1.2d Bold Symbols
\pmbraise@=\dimen116
)
(/usr/local/texlive/2017/texmf-dist/tex/latex/amsmath/amsopn.sty
Package: amsopn 2016/03/08 v2.02 operator names
)
\inf@bad=\count100
LaTeX Info: Redefining \frac on input line 213.
\uproot@=\count101
\leftroot@=\count102
LaTeX Info: Redefining \overline on input line 375.
\classnum@=\count103
\DOTSCASE@=\count104
LaTeX Info: Redefining \ldots on input line 472.
LaTeX Info: Redefining \dots on input line 475.
LaTeX Info: Redefining \cdots on input line 596.
\Mathstrutbox@=\box26
\strutbox@=\box27
\big@size=\dimen117
LaTeX Font Info:    Redeclaring font encoding OML on input line 712.
LaTeX Font Info:    Redeclaring font encoding OMS on input line 713.
\macc@depth=\count105
\c@MaxMatrixCols=\count106
\dotsspace@=\muskip11
\c@parentequation=\count107
\dspbrk@lvl=\count108
\tag@help=\toks17
\row@=\count109
\column@=\count110
\maxfields@=\count111
\andhelp@=\toks18
\eqnshift@=\dimen118
\alignsep@=\dimen119
\tagshift@=\dimen120
\tagwidth@=\dimen121
\totwidth@=\dimen122
\lineht@=\dimen123
\@envbody=\toks19
\multlinegap=\skip45
\multlinetaggap=\skip46
\mathdisplay@stack=\toks20
LaTeX Info: Redefining \[ on input line 2817.
LaTeX Info: Redefining \] on input line 2818.
)
(/usr/local/texlive/2017/texmf-dist/tex/latex/graphics/graphicx.sty
Package: graphicx 2017/06/01 v1.1a Enhanced LaTeX Graphics (DPC,SPQR)

(/usr/local/texlive/2017/texmf-dist/tex/latex/graphics/graphics.sty
Package: graphics 2017/06/25 v1.2c Standard LaTeX Graphics (DPC,SPQR)

(/usr/local/texlive/2017/texmf-dist/tex/latex/graphics/trig.sty
Package: trig 2016/01/03 v1.10 sin cos tan (DPC)
)
(/usr/local/texlive/2017/texmf-dist/tex/latex/graphics-cfg/graphics.cfg
File: graphics.cfg 2016/06/04 v1.11 sample graphics configuration
)
Package graphics Info: Driver file: pdftex.def on input line 99.

(/usr/local/texlive/2017/texmf-dist/tex/latex/graphics-def/pdftex.def
File: pdftex.def 2018/01/08 v1.0l Graphics/color driver for pdftex
))
\Gin@req@height=\dimen124
\Gin@req@width=\dimen125
)
(/usr/local/texlive/2017/texmf-dist/tex/latex/oberdiek/epstopdf.sty
Package: epstopdf 2016/05/15 v2.6 Conversion with epstopdf on the fly (HO)

(/usr/local/texlive/2017/texmf-dist/tex/latex/oberdiek/epstopdf-base.sty
Package: epstopdf-base 2016/05/15 v2.6 Base part for package epstopdf

(/usr/local/texlive/2017/texmf-dist/tex/latex/oberdiek/grfext.sty
Package: grfext 2016/05/16 v1.2 Manage graphics extensions (HO)
)
Package epstopdf-base Info: Redefining graphics rule for `.eps' on input line 4
38.
Package grfext Info: Graphics extension search list:
(grfext)             [.pdf,.png,.jpg,.mps,.jpeg,.jbig2,.jb2,.PDF,.PNG,.JPG,.JPE
G,.JBIG2,.JB2,.eps]
(grfext)             \AppendGraphicsExtensions on input line 456.

(/usr/local/texlive/2017/texmf-dist/tex/latex/latexconfig/epstopdf-sys.cfg
File: epstopdf-sys.cfg 2010/07/13 v1.3 Configuration of (r)epstopdf for TeX Liv
e
)))
(/usr/local/texlive/2017/texmf-dist/tex/latex/booktabs/booktabs.sty
Package: booktabs 2016/04/27 v1.618033 publication quality tables
\heavyrulewidth=\dimen126
\lightrulewidth=\dimen127
\cmidrulewidth=\dimen128
\belowrulesep=\dimen129
\belowbottomsep=\dimen130
\aboverulesep=\dimen131
\abovetopsep=\dimen132
\cmidrulesep=\dimen133
\cmidrulekern=\dimen134
\defaultaddspace=\dimen135
\@cmidla=\count112
\@cmidlb=\count113
\@aboverulesep=\dimen136
\@belowrulesep=\dimen137
\@thisruleclass=\count114
\@lastruleclass=\count115
\@thisrulewidth=\dimen138
)
(/usr/local/texlive/2017/texmf-dist/tex/latex/float/float.sty
Package: float 2001/11/08 v1.3d Float enhancements (AL)
\c@float@type=\count116
\float@exts=\toks21
\float@box=\box28
\@float@everytoks=\toks22
\@floatcapt=\box29
) (./document.aux)
\openout1 = `document.aux'.

LaTeX Font Info:    Checking defaults for OML/cmm/m/it on input line 18.
LaTeX Font Info:    ... okay on input line 18.
LaTeX Font Info:    Checking defaults for T1/cmr/m/n on input line 18.
LaTeX Font Info:    ... okay on input line 18.
LaTeX Font Info:    Checking defaults for OT1/cmr/m/n on input line 18.
LaTeX Font Info:    ... okay on input line 18.
LaTeX Font Info:    Checking defaults for OMS/cmsy/m/n on input line 18.
LaTeX Font Info:    ... okay on input line 18.
LaTeX Font Info:    Checking defaults for OMX/cmex/m/n on input line 18.
LaTeX Font Info:    ... okay on input line 18.
LaTeX Font Info:    Checking defaults for U/cmr/m/n on input line 18.
LaTeX Font Info:    ... okay on input line 18.
LaTeX Font Info:    Checking defaults for PD1/pdf/m/n on input line 18.
LaTeX Font Info:    ... okay on input line 18.
*geometry* driver: auto-detecting
*geometry* detected driver: pdftex
*geometry* verbose mode - [ preamble ] result:
* driver: pdftex
* paper: a4paper
* layout: <same size as paper>
* layoutoffset:(h,v)=(0.0pt,0.0pt)
* modes: 
* h-part:(L,W,R)=(81.94394pt, 433.62pt, 81.94394pt)
* v-part:(T,H,B)=(48.93872pt, 722.7pt, 73.40813pt)
* \paperwidth=597.50787pt
* \paperheight=845.04684pt
* \textwidth=433.62pt
* \textheight=722.7pt
* \oddsidemargin=9.67395pt
* \evensidemargin=9.67395pt
* \topmargin=-60.33127pt
* \headheight=12.0pt
* \headsep=25.0pt
* \topskip=10.0pt
* \footskip=30.0pt
* \marginparwidth=65.0pt
* \marginparsep=11.0pt
* \columnsep=10.0pt
* \skip\footins=9.0pt plus 4.0pt minus 2.0pt
* \hoffset=0.0pt
* \voffset=0.0pt
* \mag=1000
* \@twocolumnfalse
* \@twosidefalse
* \@mparswitchfalse
* \@reversemarginfalse
* (1in=72.27pt=25.4mm, 1cm=28.453pt)

\AtBeginShipoutBox=\box30
Package hyperref Info: Link coloring OFF on input line 18.
(/usr/local/texlive/2017/texmf-dist/tex/latex/hyperref/nameref.sty
Package: nameref 2016/05/21 v2.44 Cross-referencing by name of section

(/usr/local/texlive/2017/texmf-dist/tex/generic/oberdiek/gettitlestring.sty
Package: gettitlestring 2016/05/16 v1.5 Cleanup title references (HO)
)
\c@section@level=\count117
)
LaTeX Info: Redefining \ref on input line 18.
LaTeX Info: Redefining \pageref on input line 18.
LaTeX Info: Redefining \nameref on input line 18.

(./document.out) (./document.out)
\@outlinefile=\write3
\openout3 = `document.out'.


(/usr/local/texlive/2017/texmf-dist/tex/context/base/mkii/supp-pdf.mkii
[Loading MPS to PDF converter (version 2006.09.02).]
\scratchcounter=\count118
\scratchdimen=\dimen139
\scratchbox=\box31
\nofMPsegments=\count119
\nofMParguments=\count120
\everyMPshowfont=\toks23
\MPscratchCnt=\count121
\MPscratchDim=\dimen140
\MPnumerator=\count122
\makeMPintoPDFobject=\count123
\everyMPtoPDFconversion=\toks24
)
Package epstopdf Info: Source file: <project1e.eps>
(epstopdf)                    date: 2018-03-25 13:36:33
(epstopdf)                    size: 93750 bytes
(epstopdf)             Output file: <./project1e-eps-converted-to.pdf>
(epstopdf)                    date: 2018-03-25 13:48:31
(epstopdf)                    size: 93905 bytes
(epstopdf)             Command: <repstopdf --outfile=./project1e-eps-converted-
to.pdf project1e.eps>
(epstopdf)             \includegraphics on input line 53.
Package epstopdf Info: Output file is already uptodate.
<./project1e-eps-converted-to.pdf, id=130, 562.1pt x 421.575pt>
File: ./project1e-eps-converted-to.pdf Graphic file (type pdf)
<use ./project1e-eps-converted-to.pdf>
Package pdftex.def Info: ./project1e-eps-converted-to.pdf  used on input line 5
3.
(pdftex.def)             Requested size: 346.89731pt x 260.17087pt.
 [1

{/usr/local/texlive/2017/texmf-var/fonts/map/pdftex/updmap/pdftex.map}pdfTeX wa
rning (ext4): destination with the same identifier (name{equation.1.1}) has bee
n already used, duplicate ignored

\AtBegShi@Output ...ipout \box \AtBeginShipoutBox 
                                                  \fi \fi 
l.55 
     pdfTeX warning (ext4): destination with the same identifier (name{equation
.1.2}) has been already used, duplicate ignored

\AtBegShi@Output ...ipout \box \AtBeginShipoutBox 
                                                  \fi \fi 
l.55 
     pdfTeX warning (ext4): destination with the same identifier (name{equation
.1.3}) has been already used, duplicate ignored

\AtBegShi@Output ...ipout \box \AtBeginShipoutBox 
                                                  \fi \fi 
l.55 
     ]
Package epstopdf Info: Source file: <project2b.eps>
(epstopdf)                    date: 2018-03-25 13:57:54
(epstopdf)                    size: 14994 bytes
(epstopdf)             Output file: <./project2b-eps-converted-to.pdf>
(epstopdf)                    date: 2018-03-25 14:46:04
(epstopdf)                    size: 6580 bytes
(epstopdf)             Command: <repstopdf --outfile=./project2b-eps-converted-
to.pdf project2b.eps>
(epstopdf)             \includegraphics on input line 62.
Package epstopdf Info: Output file is already uptodate.
<./project2b-eps-converted-to.pdf, id=150, 562.1pt x 421.575pt>
File: ./project2b-eps-converted-to.pdf Graphic file (type pdf)
<use ./project2b-eps-converted-to.pdf>
Package pdftex.def Info: ./project2b-eps-converted-to.pdf  used on input line 6
2.
(pdftex.def)             Requested size: 346.89731pt x 260.17087pt.
 [2pdfTeX warning (ext4): destination with the same identifier (name{figure.1})
 has been already used, duplicate ignored

\AtBegShi@Output ...ipout \box \AtBeginShipoutBox 
                                                  \fi \fi 
l.83 
     pdfTeX warning (ext4): destination with the same identifier (name{figure.2
}) has been already used, duplicate ignored

\AtBegShi@Output ...ipout \box \AtBeginShipoutBox 
                                                  \fi \fi 
l.83 
      <./project1e-eps-converted-to.pdf> <./project2b-eps-converted-to.pdf>]
Package epstopdf Info: Source file: <project3c.eps>
(epstopdf)                    date: 2018-03-25 14:41:54
(epstopdf)                    size: 22049 bytes
(epstopdf)             Output file: <./project3c-eps-converted-to.pdf>
(epstopdf)                    date: 2018-03-25 14:46:05
(epstopdf)                    size: 9184 bytes
(epstopdf)             Command: <repstopdf --outfile=./project3c-eps-converted-
to.pdf project3c.eps>
(epstopdf)             \includegraphics on input line 90.
Package epstopdf Info: Output file is already uptodate.
<./project3c-eps-converted-to.pdf, id=169, 562.1pt x 421.575pt>
File: ./project3c-eps-converted-to.pdf Graphic file (type pdf)
<use ./project3c-eps-converted-to.pdf>
Package pdftex.def Info: ./project3c-eps-converted-to.pdf  used on input line 9
0.
(pdftex.def)             Requested size: 346.89731pt x 260.17087pt.
Package epstopdf Info: Source file: <project3c2.eps>
(epstopdf)                    date: 2018-03-25 16:19:30
(epstopdf)                    size: 51497 bytes
(epstopdf)             Output file: <./project3c2-eps-converted-to.pdf>
(epstopdf)                    date: 2018-03-25 16:20:45
(epstopdf)                    size: 111430 bytes
(epstopdf)             Command: <repstopdf --outfile=./project3c2-eps-converted
-to.pdf project3c2.eps>
(epstopdf)             \includegraphics on input line 100.
Package epstopdf Info: Output file is already uptodate.
<./project3c2-eps-converted-to.pdf, id=170, 562.1pt x 421.575pt>
File: ./project3c2-eps-converted-to.pdf Graphic file (type pdf)
<use ./project3c2-eps-converted-to.pdf>
Package pdftex.def Info: ./project3c2-eps-converted-to.pdf  used on input line 
100.
(pdftex.def)             Requested size: 346.89731pt x 260.17087pt.

[3pdfTeX warning (ext4): destination with the same identifier (name{table.1}) h
as been already used, duplicate ignored

\AtBegShi@Output ...ipout \box \AtBeginShipoutBox 
                                                  \fi \fi 
l.102 
      pdfTeX warning (ext4): destination with the same identifier (name{figure.
3}) has been already used, duplicate ignored

\AtBegShi@Output ...ipout \box \AtBeginShipoutBox 
                                                  \fi \fi 
l.102 
       <./project3c-eps-converted-to.pdf>]
Package epstopdf Info: Source file: <project3d1.eps>
(epstopdf)                    date: 2018-03-25 22:44:28
(epstopdf)                    size: 39866 bytes
(epstopdf)             Output file: <./project3d1-eps-converted-to.pdf>
(epstopdf)                    date: 2018-03-25 22:45:09
(epstopdf)                    size: 9695 bytes
(epstopdf)             Command: <repstopdf --outfile=./project3d1-eps-converted
-to.pdf project3d1.eps>
(epstopdf)             \includegraphics on input line 108.
Package epstopdf Info: Output file is already uptodate.
<./project3d1-eps-converted-to.pdf, id=183, 562.1pt x 421.575pt>
File: ./project3d1-eps-converted-to.pdf Graphic file (type pdf)
<use ./project3d1-eps-converted-to.pdf>
Package pdftex.def Info: ./project3d1-eps-converted-to.pdf  used on input line 
108.
(pdftex.def)             Requested size: 346.89731pt x 260.17087pt.
Package epstopdf Info: Source file: <project3d2.eps>
(epstopdf)                    date: 2018-03-25 22:43:27
(epstopdf)                    size: 23590 bytes
(epstopdf)             Output file: <./project3d2-eps-converted-to.pdf>
(epstopdf)                    date: 2018-03-25 22:45:10
(epstopdf)                    size: 7591 bytes
(epstopdf)             Command: <repstopdf --outfile=./project3d2-eps-converted
-to.pdf project3d2.eps>
(epstopdf)             \includegraphics on input line 115.
Package epstopdf Info: Output file is already uptodate.
<./project3d2-eps-converted-to.pdf, id=184, 562.1pt x 421.575pt>
File: ./project3d2-eps-converted-to.pdf Graphic file (type pdf)
<use ./project3d2-eps-converted-to.pdf>
Package pdftex.def Info: ./project3d2-eps-converted-to.pdf  used on input line 
115.
(pdftex.def)             Requested size: 346.89731pt x 260.17087pt.
 [4pdfTeX warning (ext4): destination with the same identifier (name{figure.4})
 has been already used, duplicate ignored

\AtBegShi@Output ...ipout \box \AtBeginShipoutBox 
                                                  \fi \fi 
l.117 
      pdfTeX warning (ext4): destination with the same identifier (name{figure.
5}) has been already used, duplicate ignored

\AtBegShi@Output ...ipout \box \AtBeginShipoutBox 
                                                  \fi \fi 
l.117 
       <./project3c2-eps-converted-to.pdf> <./project3d1-eps-converted-to.pdf>]
Package epstopdf Info: Source file: <project32b.eps>
(epstopdf)                    date: 2018-03-25 22:14:47
(epstopdf)                    size: 15109 bytes
(epstopdf)             Output file: <./project32b-eps-converted-to.pdf>
(epstopdf)                    date: 2018-03-25 22:15:54
(epstopdf)                    size: 6147 bytes
(epstopdf)             Command: <repstopdf --outfile=./project32b-eps-converted
-to.pdf project32b.eps>
(epstopdf)             \includegraphics on input line 135.
Package epstopdf Info: Output file is already uptodate.
<./project32b-eps-converted-to.pdf, id=202, 562.1pt x 421.575pt>
File: ./project32b-eps-converted-to.pdf Graphic file (type pdf)
<use ./project32b-eps-converted-to.pdf>
Package pdftex.def Info: ./project32b-eps-converted-to.pdf  used on input line 
135.
(pdftex.def)             Requested size: 346.89731pt x 260.17087pt.
[5pdfTeX warning (ext4): destination with the same identifier (name{figure.6}) 
has been already used, duplicate ignored

\AtBegShi@Output ...ipout \box \AtBeginShipoutBox 
                                                  \fi \fi 
l.137 
       <./project3d2-eps-converted-to.pdf>]
Package epstopdf Info: Source file: <project32b2.eps>
(epstopdf)                    date: 2018-03-25 22:56:25
(epstopdf)                    size: 21106 bytes
(epstopdf)             Output file: <./project32b2-eps-converted-to.pdf>
(epstopdf)                    date: 2018-03-25 22:57:59
(epstopdf)                    size: 6767 bytes
(epstopdf)             Command: <repstopdf --outfile=./project32b2-eps-converte
d-to.pdf project32b2.eps>
(epstopdf)             \includegraphics on input line 142.
Package epstopdf Info: Output file is already uptodate.
<./project32b2-eps-converted-to.pdf, id=214, 562.1pt x 421.575pt>
File: ./project32b2-eps-converted-to.pdf Graphic file (type pdf)
<use ./project32b2-eps-converted-to.pdf>
Package pdftex.def Info: ./project32b2-eps-converted-to.pdf  used on input line
 142.
(pdftex.def)             Requested size: 346.89731pt x 260.17087pt.
Package epstopdf Info: Source file: <project32c.eps>
(epstopdf)                    date: 2018-03-26 09:34:37
(epstopdf)                    size: 17790 bytes
(epstopdf)             Output file: <./project32c-eps-converted-to.pdf>
(epstopdf)                    date: 2018-03-26 09:34:43
(epstopdf)                    size: 7862 bytes
(epstopdf)             Command: <repstopdf --outfile=./project32c-eps-converted
-to.pdf project32c.eps>
(epstopdf)             \includegraphics on input line 152.
Package epstopdf Info: Output file is already uptodate.
<./project32c-eps-converted-to.pdf, id=217, 562.1pt x 421.575pt>
File: ./project32c-eps-converted-to.pdf Graphic file (type pdf)
<use ./project32c-eps-converted-to.pdf>
Package pdftex.def Info: ./project32c-eps-converted-to.pdf  used on input line 
152.
(pdftex.def)             Requested size: 346.89731pt x 260.17087pt.
 [6pdfTeX warning (ext4): destination with the same identifier (name{figure.7})
 has been already used, duplicate ignored

\AtBegShi@Output ...ipout \box \AtBeginShipoutBox 
                                                  \fi \fi 
l.154 
      pdfTeX warning (ext4): destination with the same identifier (name{figure.
8}) has been already used, duplicate ignored

\AtBegShi@Output ...ipout \box \AtBeginShipoutBox 
                                                  \fi \fi 
l.154 
       <./project32b-eps-converted-to.pdf> <./project32b2-eps-converted-to.pdf>
]
Package epstopdf Info: Source file: <project32d1.eps>
(epstopdf)                    date: 2018-03-26 09:30:17
(epstopdf)                    size: 39292 bytes
(epstopdf)             Output file: <./project32d1-eps-converted-to.pdf>
(epstopdf)                    date: 2018-03-26 09:32:19
(epstopdf)                    size: 9618 bytes
(epstopdf)             Command: <repstopdf --outfile=./project32d1-eps-converte
d-to.pdf project32d1.eps>
(epstopdf)             \includegraphics on input line 162.
Package epstopdf Info: Output file is already uptodate.
<./project32d1-eps-converted-to.pdf, id=235, 562.1pt x 421.575pt>
File: ./project32d1-eps-converted-to.pdf Graphic file (type pdf)
<use ./project32d1-eps-converted-to.pdf>
Package pdftex.def Info: ./project32d1-eps-converted-to.pdf  used on input line
 162.
(pdftex.def)             Requested size: 346.89731pt x 260.17087pt.
Package epstopdf Info: Source file: <project32d2.eps>
(epstopdf)                    date: 2018-03-26 09:30:27
(epstopdf)                    size: 23646 bytes
(epstopdf)             Output file: <./project32d2-eps-converted-to.pdf>
(epstopdf)                    date: 2018-03-26 09:32:19
(epstopdf)                    size: 7586 bytes
(epstopdf)             Command: <repstopdf --outfile=./project32d2-eps-converte
d-to.pdf project32d2.eps>
(epstopdf)             \includegraphics on input line 169.
Package epstopdf Info: Output file is already uptodate.
<./project32d2-eps-converted-to.pdf, id=236, 562.1pt x 421.575pt>
File: ./project32d2-eps-converted-to.pdf Graphic file (type pdf)
<use ./project32d2-eps-converted-to.pdf>
Package pdftex.def Info: ./project32d2-eps-converted-to.pdf  used on input line
 169.
(pdftex.def)             Requested size: 346.89731pt x 260.17087pt.
 [7pdfTeX warning (ext4): destination with the same identifier (name{figure.9})
 has been already used, duplicate ignored

\AtBegShi@Output ...ipout \box \AtBeginShipoutBox 
                                                  \fi \fi 
l.171 
      pdfTeX warning (ext4): destination with the same identifier (name{figure.
10}) has been already used, duplicate ignored

\AtBegShi@Output ...ipout \box \AtBeginShipoutBox 
                                                  \fi \fi 
l.171 
       <./project32c-eps-converted-to.pdf> <./project32d1-eps-converted-to.pdf>
] [8pdfTeX warning (ext4): destination with the same identifier (name{figure.11
}) has been already used, duplicate ignored

\AtBegShi@Output ...ipout \box \AtBeginShipoutBox 
                                                  \fi \fi 
l.187 
       <./project32d2-eps-converted-to.pdf>]
Package epstopdf Info: Source file: <project41c1.eps>
(epstopdf)                    date: 2018-03-26 13:32:09
(epstopdf)                    size: 778770 bytes
(epstopdf)             Output file: <./project41c1-eps-converted-to.pdf>
(epstopdf)                    date: 2018-03-26 13:32:15
(epstopdf)                    size: 143432 bytes
(epstopdf)             Command: <repstopdf --outfile=./project41c1-eps-converte
d-to.pdf project41c1.eps>
(epstopdf)             \includegraphics on input line 203.
Package epstopdf Info: Output file is already uptodate.
<./project41c1-eps-converted-to.pdf, id=266, 562.1pt x 421.575pt>
File: ./project41c1-eps-converted-to.pdf Graphic file (type pdf)
<use ./project41c1-eps-converted-to.pdf>
Package pdftex.def Info: ./project41c1-eps-converted-to.pdf  used on input line
 203.
(pdftex.def)             Requested size: 346.89731pt x 260.17087pt.
Package epstopdf Info: Source file: <project41c2.eps>
(epstopdf)                    date: 2018-03-26 13:23:45
(epstopdf)                    size: 822958 bytes
(epstopdf)             Output file: <./project41c2-eps-converted-to.pdf>
(epstopdf)                    date: 2018-03-26 13:24:22
(epstopdf)                    size: 145484 bytes
(epstopdf)             Command: <repstopdf --outfile=./project41c2-eps-converte
d-to.pdf project41c2.eps>
(epstopdf)             \includegraphics on input line 210.
Package epstopdf Info: Output file is already uptodate.
<./project41c2-eps-converted-to.pdf, id=267, 562.1pt x 421.575pt>
File: ./project41c2-eps-converted-to.pdf Graphic file (type pdf)
<use ./project41c2-eps-converted-to.pdf>
Package pdftex.def Info: ./project41c2-eps-converted-to.pdf  used on input line
 210.
(pdftex.def)             Requested size: 346.89731pt x 260.17087pt.
 [9pdfTeX warning (ext4): destination with the same identifier (name{figure.12}
) has been already used, duplicate ignored

\AtBegShi@Output ...ipout \box \AtBeginShipoutBox 
                                                  \fi \fi 
l.212 
       <./project41c1-eps-converted-to.pdf>]

Package amsmath Warning: Foreign command \atopwithdelims;
(amsmath)                \frac or \genfrac should be used instead
(amsmath)                 on input line 235.

[10pdfTeX warning (ext4): destination with the same identifier (name{figure.13}
) has been already used, duplicate ignored

\AtBegShi@Output ...ipout \box \AtBeginShipoutBox 
                                                  \fi \fi 
l.239 
      pdfTeX warning (ext4): destination with the same identifier (name{table.2
}) has been already used, duplicate ignored

\AtBegShi@Output ...ipout \box \AtBeginShipoutBox 
                                                  \fi \fi 
l.239 
       <./project41c2-eps-converted-to.pdf>]
Package atveryend Info: Empty hook `BeforeClearDocument' on input line 251.
 [11]
Package atveryend Info: Empty hook `AfterLastShipout' on input line 251.
 (./document.aux)
Package atveryend Info: Executing hook `AtVeryEndDocument' on input line 251.
Package atveryend Info: Executing hook `AtEndAfterFileList' on input line 251.
Package rerunfilecheck Info: File `document.out' has not changed.
(rerunfilecheck)             Checksum: 72A2D3C18171EC9621AEA887F685D96B;2669.
Package atveryend Info: Empty hook `AtVeryVeryEnd' on input line 251.
 ) 
Here is how much of TeX's memory you used:
 6355 strings out of 492982
 94051 string characters out of 6132527
 182934 words of memory out of 5000000
 9786 multiletter control sequences out of 15000+600000
 9642 words of font info for 35 fonts, out of 8000000 for 9000
 1141 hyphenation exceptions out of 8191
 29i,9n,31p,945b,324s stack positions out of 5000i,500n,10000p,200000b,80000s
</usr/local/texlive/2017/texmf-dist/fonts/type1/public/amsfonts/cm/cmbx10.pfb
></usr/local/texlive/2017/texmf-dist/fonts/type1/public/amsfonts/cm/cmbx12.pfb>
</usr/local/texlive/2017/texmf-dist/fonts/type1/public/amsfonts/cm/cmex10.pfb><
/usr/local/texlive/2017/texmf-dist/fonts/type1/public/amsfonts/cm/cmmi10.pfb></
usr/local/texlive/2017/texmf-dist/fonts/type1/public/amsfonts/cm/cmmi7.pfb></us
r/local/texlive/2017/texmf-dist/fonts/type1/public/amsfonts/cm/cmr10.pfb></usr/
local/texlive/2017/texmf-dist/fonts/type1/public/amsfonts/cm/cmr12.pfb></usr/lo
cal/texlive/2017/texmf-dist/fonts/type1/public/amsfonts/cm/cmr17.pfb></usr/loca
l/texlive/2017/texmf-dist/fonts/type1/public/amsfonts/cm/cmr7.pfb></usr/local/t
exlive/2017/texmf-dist/fonts/type1/public/amsfonts/cm/cmsy10.pfb></usr/local/te
xlive/2017/texmf-dist/fonts/type1/public/amsfonts/cm/cmsy7.pfb>
Output written on document.pdf (11 pages, 672732 bytes).
PDF statistics:
 346 PDF objects out of 1000 (max. 8388607)
 287 compressed objects within 3 object streams
 62 named destinations out of 1000 (max. 500000)
 314 words of extra memory for PDF output out of 10000 (max. 10000000)

